<?xml version="1.0" encoding="UTF-8"?>
<!-- Generated by org.testng.reporters.JUnitReportReporter -->
<testsuite hostname="SARVESH-DESKTOP" failures="0" tests="1" name="TestNG.SwagLabLoginTest" time="2.617" errors="0" timestamp="2024-05-21T23:30:36 IST" skipped="0">
  <testcase classname="TestNG.SwagLabLoginTest" name="loginWithlocked_out_user" time="2.617"/>
</testsuite> <!-- TestNG.SwagLabLoginTest -->
