<?xml version="1.0" encoding="UTF-8"?>
<!-- Generated by org.testng.reporters.JUnitReportReporter -->
<testsuite hostname="SARVESH-DESKTOP" failures="0" tests="1" name="TestNG.AddToCart" time="7.707" errors="0" timestamp="2024-05-21T23:30:36 IST" skipped="0">
  <testcase classname="TestNG.AddToCart" name="AddtoCart" time="7.707"/>
</testsuite> <!-- TestNG.AddToCart -->
