<?xml version="1.0" encoding="UTF-8"?>
<!-- Generated by org.testng.reporters.JUnitReportReporter -->
<testsuite hostname="SARVESH-DESKTOP" failures="0" tests="4" name="testNgFacebookAccountCreate.FacebookRagesterPageTest" time="6.328" errors="0" timestamp="2024-05-21T23:30:36 IST" skipped="0">
  <testcase classname="testNgFacebookAccountCreate.FacebookRagesterPageTest" name="loginTest" time="0.164"/>
  <testcase classname="testNgFacebookAccountCreate.FacebookRagesterPageTest" name="loginTest" time="0.114"/>
  <testcase classname="testNgFacebookAccountCreate.FacebookRagesterPageTest" name="regesterTest" time="3.012"/>
  <testcase classname="testNgFacebookAccountCreate.FacebookRagesterPageTest" name="regesterTest" time="3.038"/>
</testsuite> <!-- testNgFacebookAccountCreate.FacebookRagesterPageTest -->
