<?xml version="1.0" encoding="UTF-8"?>
<!-- Generated by org.testng.reporters.JUnitReportReporter -->
<testsuite hostname="SARVESH-DESKTOP" failures="0" tests="7" name="TestNG.TestNgKeywords" time="0.042" errors="0" timestamp="2024-05-21T23:30:36 IST" skipped="1">
  <testcase classname="TestNG.TestNgKeywords" name="test2" time="0.018"/>
  <testcase classname="TestNG.TestNgKeywords" name="test1" time="0.009"/>
  <testcase classname="TestNG.TestNgKeywords" name="test6" time="0.007"/>
  <testcase classname="TestNG.TestNgKeywords" name="test3" time="0.003"/>
  <testcase classname="TestNG.TestNgKeywords" name="test3" time="0.002"/>
  <testcase classname="TestNG.TestNgKeywords" name="test3" time="0.003"/>
  <testcase classname="TestNG.TestNgKeywords" name="test4">
    <skipped/>
  </testcase> <!-- test4 -->
</testsuite> <!-- TestNG.TestNgKeywords -->
