<?xml version="1.0" encoding="UTF-8"?>
<!-- Generated by org.testng.reporters.JUnitReportReporter -->
<testsuite hostname="SARVESH-DESKTOP" failures="0" tests="2" name="testNGPersonalProject.FacebookLoginTest" time="6.482" errors="0" timestamp="2024-05-21T23:30:36 IST" skipped="0">
  <testcase classname="testNGPersonalProject.FacebookLoginTest" name="testLogin" time="3.974"/>
  <testcase classname="testNGPersonalProject.FacebookLoginTest" name="testLogin" time="2.508"/>
</testsuite> <!-- testNGPersonalProject.FacebookLoginTest -->
