<?xml version="1.0" encoding="UTF-8"?>
<!-- Generated by org.testng.reporters.JUnitReportReporter -->
<testsuite hostname="SARVESH-DESKTOP" failures="0" tests="1" name="testNgFacebookAccountCreate.FacebookLoginPageTest" time="2.912" errors="0" timestamp="2024-05-21T23:30:36 IST" skipped="0">
  <testcase classname="testNgFacebookAccountCreate.FacebookLoginPageTest" name="loginTest" time="2.912"/>
</testsuite> <!-- testNgFacebookAccountCreate.FacebookLoginPageTest -->
